2025-01-12 22:00:08,669 - INFO - 开始执行ETF数据获取任务...
2025-01-12 22:00:08,669 - INFO - 开始获取从 20200114 到 20250112 的ETF数据
2025-01-12 22:00:13,632 - INFO - 文件 515180.csv 获取成功，大小: 0.05 MB
2025-01-12 22:00:13,633 - INFO - 515180.csv 数据时间跨度: 1823 天
2025-01-12 22:00:13,633 - INFO - 文件 513100.csv 获取成功，大小: 0.05 MB
2025-01-12 22:00:13,655 - INFO - 513100.csv 数据时间跨度: 1823 天
2025-01-12 22:00:13,655 - INFO - 文件 518880.csv 获取成功，大小: 0.05 MB
2025-01-12 22:00:13,673 - INFO - 518880.csv 数据时间跨度: 1823 天
2025-01-12 22:00:13,673 - INFO - 文件 511800.csv 获取成功，大小: 0.05 MB
2025-01-12 22:00:13,689 - INFO - 511800.csv 数据时间跨度: 1823 天
2025-01-12 22:00:13,689 - INFO - 数据获取完成！
2025-01-12 22:00:13,689 - INFO - 程序执行完成！
2025-01-12 22:20:40,467 - INFO - 开始执行ETF后复权数据获取任务...
2025-01-12 22:20:40,467 - INFO - 开始获取从 20200114 到 20250112 的ETF后复权数据
2025-01-12 22:20:40,467 - INFO - 
获取 中证红利ETF (515180) 的后复权数据...
2025-01-12 22:20:40,795 - INFO - 数据保存成功:
2025-01-12 22:20:40,795 - INFO - - 文件大小: 0.09 MB
2025-01-12 22:20:40,796 - INFO - - 数据条数: 1211
2025-01-12 22:20:40,796 - INFO - - 时间跨度: 1823 天
2025-01-12 22:20:40,796 - INFO - - 价格范围: 0.90 - 1.70
2025-01-12 22:20:40,796 - INFO - 
获取 纳斯达克ETF (513100) 的后复权数据...
2025-01-12 22:20:40,981 - INFO - 数据保存成功:
2025-01-12 22:20:40,981 - INFO - - 文件大小: 0.09 MB
2025-01-12 22:20:40,981 - INFO - - 数据条数: 1210
2025-01-12 22:20:40,981 - INFO - - 时间跨度: 1823 天
2025-01-12 22:20:40,981 - INFO - - 价格范围: 3.00 - 8.37
2025-01-12 22:20:40,981 - INFO - 
获取 黄金ETF (518880) 的后复权数据...
2025-01-12 22:20:41,186 - INFO - 数据保存成功:
2025-01-12 22:20:41,186 - INFO - - 文件大小: 0.09 MB
2025-01-12 22:20:41,186 - INFO - - 数据条数: 1211
2025-01-12 22:20:41,186 - INFO - - 时间跨度: 1823 天
2025-01-12 22:20:41,186 - INFO - - 价格范围: 3.25 - 6.14
2025-01-12 22:20:41,187 - INFO - 
获取 城投债ETF (511800) 的后复权数据...
2025-01-12 22:20:41,371 - INFO - 数据保存成功:
2025-01-12 22:20:41,372 - INFO - - 文件大小: 0.09 MB
2025-01-12 22:20:41,372 - INFO - - 数据条数: 1211
2025-01-12 22:20:41,372 - INFO - - 时间跨度: 1823 天
2025-01-12 22:20:41,372 - INFO - - 价格范围: 99.98 - 100.33
2025-01-12 22:20:41,373 - INFO - 
所有ETF数据获取完成！
2025-01-12 22:20:41,373 - INFO - 程序执行完成！
2025-01-12 22:22:57,667 - INFO - 开始执行ETF等比后复权数据获取任务...
2025-01-12 22:22:57,667 - INFO - 
开始获取 中证红利ETF (515180) 的后复权数据...
2025-01-12 22:22:57,748 - INFO - 
开始获取 纳斯达克ETF (513100) 的后复权数据...
2025-01-12 22:22:57,816 - INFO - 
开始获取 黄金ETF (518880) 的后复权数据...
2025-01-12 22:22:57,886 - INFO - 
开始获取 城投债ETF (511800) 的后复权数据...
2025-01-12 22:22:57,951 - INFO - 
所有ETF数据获取完成！
2025-01-12 22:22:57,951 - INFO - 程序执行完成！
2025-01-12 22:24:13,417 - INFO - 开始执行ETF等比后复权数据获取任务...
2025-01-12 22:24:13,417 - INFO - 
开始获取 中证红利ETF (515180) 的后复权数据...
2025-01-12 22:24:13,493 - INFO - 
开始获取 纳斯达克ETF (513100) 的后复权数据...
2025-01-12 22:24:13,558 - INFO - 
开始获取 黄金ETF (518880) 的后复权数据...
2025-01-12 22:24:13,625 - INFO - 
开始获取 城投债ETF (511800) 的后复权数据...
2025-01-12 22:24:13,691 - INFO - 
所有ETF数据获取完成！
2025-01-12 22:24:13,691 - INFO - 程序执行完成！
2025-01-12 22:26:40,417 - INFO - 开始执行ETF等比后复权数据获取任务...
2025-01-12 22:26:40,417 - INFO - 
开始获取 中证红利ETF (515180) 的数据...
2025-01-12 22:26:40,784 - ERROR - 计算复权价格失败: 'date'
2025-01-12 22:26:40,799 - ERROR - 获取数据时出错: 'date'
Traceback (most recent call last):
  File "D:\QuantAgent\.conda\lib\site-packages\pandas\core\indexes\base.py", line 3805, in get_loc
    return self._engine.get_loc(casted_key)
  File "index.pyx", line 167, in pandas._libs.index.IndexEngine.get_loc
  File "index.pyx", line 196, in pandas._libs.index.IndexEngine.get_loc
  File "pandas\\_libs\\hashtable_class_helper.pxi", line 7081, in pandas._libs.hashtable.PyObjectHashTable.get_item
  File "pandas\\_libs\\hashtable_class_helper.pxi", line 7089, in pandas._libs.hashtable.PyObjectHashTable.get_item
KeyError: 'date'

The above exception was the direct cause of the following exception:

Traceback (most recent call last):
  File "d:\QuantAgent\data_fetch.py", line 162, in fetch_adjusted_data
    date_range = (df['date'].max() - df['date'].min()).days
  File "D:\QuantAgent\.conda\lib\site-packages\pandas\core\frame.py", line 4102, in __getitem__
    indexer = self.columns.get_loc(key)
  File "D:\QuantAgent\.conda\lib\site-packages\pandas\core\indexes\base.py", line 3812, in get_loc
    raise KeyError(key) from err
KeyError: 'date'
2025-01-12 22:26:40,818 - ERROR - 程序执行出错: 'date'
2025-01-12 22:27:25,310 - INFO - 开始执行ETF等比后复权数据获取任务...
2025-01-12 22:27:25,310 - INFO - 
开始获取 中证红利ETF (515180) 的数据...
2025-01-12 22:27:25,693 - INFO - 原始数据列名: ['日期', '开盘', '收盘', '最高', '最低', '成交量', '成交额', '振幅', '涨跌幅', '涨跌额', '换手率']
2025-01-12 22:27:25,710 - INFO - 数据样例:
           日期     开盘     收盘     最高     最低      成交量          成交额    振幅   涨跌幅    涨跌额   换手率
0  2019-12-20  1.003  1.000  1.004  0.998  1167304  116928272.0  0.60 -0.50 -0.005  1.73
1  2019-12-23  1.001  0.990  1.003  0.988   600428   59868602.0  1.50 -1.00 -0.010  0.89
2  2019-12-24  0.993  0.996  0.997  0.988   201611   20002917.0  0.91  0.61  0.006  0.30
3  2019-12-25  0.996  0.994  0.996  0.991   219647   21814798.0  0.50 -0.20 -0.002  0.32
4  2019-12-26  0.995  1.001  1.003  0.994   788868   78915262.0  0.91  0.70  0.007  1.17
2025-01-12 22:27:25,712 - ERROR - 计算复权价格失败: 'date'
2025-01-12 22:27:25,719 - ERROR - 处理 中证红利ETF 数据时出错: 'date'
2025-01-12 22:27:25,719 - INFO - 
开始获取 纳斯达克ETF (513100) 的数据...
2025-01-12 22:27:25,932 - INFO - 原始数据列名: ['日期', '开盘', '收盘', '最高', '最低', '成交量', '成交额', '振幅', '涨跌幅', '涨跌额', '换手率']
2025-01-12 22:27:25,949 - INFO - 数据样例:
           日期     开盘     收盘     最高     最低    成交量        成交额    振幅   涨跌幅    涨跌额   换手率
0  2018-01-02  2.219  2.218  2.219  2.206  32037  7093731.0  0.58 -0.49 -0.011  0.03
1  2018-01-03  2.243  2.248  2.251  2.240  35036  7863530.0  0.50  1.35  0.030  0.04
2  2018-01-04  2.260  2.256  2.264  2.248  31518  7107021.0  0.71  0.36  0.008  0.03
3  2018-01-05  2.256  2.250  2.257  2.248  31803  7162616.0  0.40 -0.27 -0.006  0.03
4  2018-01-08  2.263  2.268  2.269  2.259  42486  9610597.0  0.44  0.80  0.018  0.04
2025-01-12 22:27:25,950 - ERROR - 计算复权价格失败: 'date'
2025-01-12 22:27:25,956 - ERROR - 处理 纳斯达克ETF 数据时出错: 'date'
2025-01-12 22:27:25,956 - INFO - 
开始获取 黄金ETF (518880) 的数据...
2025-01-12 22:27:26,198 - INFO - 原始数据列名: ['日期', '开盘', '收盘', '最高', '最低', '成交量', '成交额', '振幅', '涨跌幅', '涨跌额', '换手率']
2025-01-12 22:27:26,198 - INFO - 数据样例:
           日期     开盘     收盘     最高     最低      成交量           成交额    振幅   涨跌幅    涨跌额    换手率
0  2018-01-02  2.722  2.723  2.724  2.720  2680399  7.296085e+08  0.15  0.55  0.015   5.70
1  2018-01-03  2.740  2.733  2.744  2.731  3542792  9.694247e+08  0.48  0.37  0.010   7.53
2  2018-01-04  2.719  2.719  2.721  2.713  6329382  1.719136e+09  0.29 -0.51 -0.014  13.46
3  2018-01-05  2.730  2.728  2.733  2.727  5429541  1.482383e+09  0.22  0.33  0.009  11.54
4  2018-01-08  2.730  2.730  2.734  2.729  4714531  1.287659e+09  0.18  0.07  0.002  10.02
2025-01-12 22:27:26,198 - ERROR - 计算复权价格失败: 'date'
2025-01-12 22:27:26,217 - ERROR - 处理 黄金ETF 数据时出错: 'date'
2025-01-12 22:27:26,218 - INFO - 
开始获取 城投债ETF (511800) 的数据...
2025-01-12 22:27:26,554 - ERROR - 下载数据文件失败: 'date'
2025-01-12 22:27:26,556 - INFO - 
所有ETF数据获取完成！
2025-01-12 22:27:26,556 - INFO - 程序执行完成！
2025-01-12 22:27:36,403 - INFO - 开始执行ETF等比后复权数据获取任务...
2025-01-12 22:27:36,403 - INFO - 
开始获取 中证红利ETF (515180) 的数据...
2025-01-12 22:27:36,751 - INFO - 原始数据列名: ['日期', '开盘', '收盘', '最高', '最低', '成交量', '成交额', '振幅', '涨跌幅', '涨跌额', '换手率']
2025-01-12 22:27:36,767 - INFO - 数据样例:
           日期     开盘     收盘     最高     最低      成交量          成交额    振幅   涨跌幅    涨跌额   换手率
0  2019-12-20  1.003  1.000  1.004  0.998  1167304  116928272.0  0.60 -0.50 -0.005  1.73
1  2019-12-23  1.001  0.990  1.003  0.988   600428   59868602.0  1.50 -1.00 -0.010  0.89
2  2019-12-24  0.993  0.996  0.997  0.988   201611   20002917.0  0.91  0.61  0.006  0.30
3  2019-12-25  0.996  0.994  0.996  0.991   219647   21814798.0  0.50 -0.20 -0.002  0.32
4  2019-12-26  0.995  1.001  1.003  0.994   788868   78915262.0  0.91  0.70  0.007  1.17
2025-01-12 22:27:36,767 - ERROR - 计算复权价格失败: 'date'
2025-01-12 22:27:36,780 - ERROR - 处理 中证红利ETF 数据时出错: 'date'
2025-01-12 22:27:36,780 - INFO - 
开始获取 纳斯达克ETF (513100) 的数据...
2025-01-12 22:27:37,011 - INFO - 原始数据列名: ['日期', '开盘', '收盘', '最高', '最低', '成交量', '成交额', '振幅', '涨跌幅', '涨跌额', '换手率']
2025-01-12 22:27:37,018 - INFO - 数据样例:
           日期     开盘     收盘     最高     最低    成交量        成交额    振幅   涨跌幅    涨跌额   换手率
0  2018-01-02  2.219  2.218  2.219  2.206  32037  7093731.0  0.58 -0.49 -0.011  0.03
1  2018-01-03  2.243  2.248  2.251  2.240  35036  7863530.0  0.50  1.35  0.030  0.04
2  2018-01-04  2.260  2.256  2.264  2.248  31518  7107021.0  0.71  0.36  0.008  0.03
3  2018-01-05  2.256  2.250  2.257  2.248  31803  7162616.0  0.40 -0.27 -0.006  0.03
4  2018-01-08  2.263  2.268  2.269  2.259  42486  9610597.0  0.44  0.80  0.018  0.04
2025-01-12 22:27:37,019 - ERROR - 计算复权价格失败: 'date'
2025-01-12 22:27:37,027 - ERROR - 处理 纳斯达克ETF 数据时出错: 'date'
2025-01-12 22:27:37,028 - INFO - 
开始获取 黄金ETF (518880) 的数据...
2025-01-12 22:27:37,258 - INFO - 原始数据列名: ['日期', '开盘', '收盘', '最高', '最低', '成交量', '成交额', '振幅', '涨跌幅', '涨跌额', '换手率']
2025-01-12 22:27:37,265 - INFO - 数据样例:
           日期     开盘     收盘     最高     最低      成交量           成交额    振幅   涨跌幅    涨跌额    换手率
0  2018-01-02  2.722  2.723  2.724  2.720  2680399  7.296085e+08  0.15  0.55  0.015   5.70
1  2018-01-03  2.740  2.733  2.744  2.731  3542792  9.694247e+08  0.48  0.37  0.010   7.53
2  2018-01-04  2.719  2.719  2.721  2.713  6329382  1.719136e+09  0.29 -0.51 -0.014  13.46
3  2018-01-05  2.730  2.728  2.733  2.727  5429541  1.482383e+09  0.22  0.33  0.009  11.54
4  2018-01-08  2.730  2.730  2.734  2.729  4714531  1.287659e+09  0.18  0.07  0.002  10.02
2025-01-12 22:27:37,266 - ERROR - 计算复权价格失败: 'date'
2025-01-12 22:27:37,271 - ERROR - 处理 黄金ETF 数据时出错: 'date'
2025-01-12 22:27:37,271 - INFO - 
开始获取 城投债ETF (511800) 的数据...
2025-01-12 22:27:37,665 - ERROR - 下载数据文件失败: 'date'
2025-01-12 22:27:37,668 - INFO - 
所有ETF数据获取完成！
2025-01-12 22:27:37,668 - INFO - 程序执行完成！
2025-01-12 22:29:50,301 - INFO - 开始执行ETF等比后复权数据获取任务...
2025-01-12 22:29:50,301 - INFO - 
开始获取 中证红利ETF (515180) 的数据...
2025-01-12 22:29:50,662 - INFO - 原始数据列名: ['日期', '开盘', '收盘', '最高', '最低', '成交量', '成交额', '振幅', '涨跌幅', '涨跌额', '换手率']
2025-01-12 22:29:50,662 - INFO - 数据样例:
           日期     开盘     收盘     最高     最低      成交量          成交额    振幅   涨跌幅    涨跌额   换手率
0  2019-12-20  1.003  1.000  1.004  0.998  1167304  116928272.0  0.60 -0.50 -0.005  1.73
1  2019-12-23  1.001  0.990  1.003  0.988   600428   59868602.0  1.50 -1.00 -0.010  0.89
2  2019-12-24  0.993  0.996  0.997  0.988   201611   20002917.0  0.91  0.61  0.006  0.30
3  2019-12-25  0.996  0.994  0.996  0.991   219647   21814798.0  0.50 -0.20 -0.002  0.32
4  2019-12-26  0.995  1.001  1.003  0.994   788868   78915262.0  0.91  0.70  0.007  1.17
2025-01-12 22:29:50,662 - ERROR - 计算复权价格失败: 'date'
2025-01-12 22:29:50,677 - ERROR - 处理 中证红利ETF 数据时出错: 'date'
2025-01-12 22:29:50,677 - INFO - 
开始获取 纳斯达克ETF (513100) 的数据...
2025-01-12 22:29:50,902 - INFO - 原始数据列名: ['日期', '开盘', '收盘', '最高', '最低', '成交量', '成交额', '振幅', '涨跌幅', '涨跌额', '换手率']
2025-01-12 22:29:50,908 - INFO - 数据样例:
           日期     开盘     收盘     最高     最低    成交量        成交额    振幅   涨跌幅    涨跌额   换手率
0  2018-01-02  2.219  2.218  2.219  2.206  32037  7093731.0  0.58 -0.49 -0.011  0.03
1  2018-01-03  2.243  2.248  2.251  2.240  35036  7863530.0  0.50  1.35  0.030  0.04
2  2018-01-04  2.260  2.256  2.264  2.248  31518  7107021.0  0.71  0.36  0.008  0.03
3  2018-01-05  2.256  2.250  2.257  2.248  31803  7162616.0  0.40 -0.27 -0.006  0.03
4  2018-01-08  2.263  2.268  2.269  2.259  42486  9610597.0  0.44  0.80  0.018  0.04
2025-01-12 22:29:50,909 - ERROR - 计算复权价格失败: 'date'
2025-01-12 22:29:50,917 - ERROR - 处理 纳斯达克ETF 数据时出错: 'date'
2025-01-12 22:29:50,917 - INFO - 
开始获取 黄金ETF (518880) 的数据...
2025-01-12 22:29:51,127 - INFO - 原始数据列名: ['日期', '开盘', '收盘', '最高', '最低', '成交量', '成交额', '振幅', '涨跌幅', '涨跌额', '换手率']
2025-01-12 22:29:51,143 - INFO - 数据样例:
           日期     开盘     收盘     最高     最低      成交量           成交额    振幅   涨跌幅    涨跌额    换手率
0  2018-01-02  2.722  2.723  2.724  2.720  2680399  7.296085e+08  0.15  0.55  0.015   5.70
1  2018-01-03  2.740  2.733  2.744  2.731  3542792  9.694247e+08  0.48  0.37  0.010   7.53
2  2018-01-04  2.719  2.719  2.721  2.713  6329382  1.719136e+09  0.29 -0.51 -0.014  13.46
3  2018-01-05  2.730  2.728  2.733  2.727  5429541  1.482383e+09  0.22  0.33  0.009  11.54
4  2018-01-08  2.730  2.730  2.734  2.729  4714531  1.287659e+09  0.18  0.07  0.002  10.02
2025-01-12 22:29:51,143 - ERROR - 计算复权价格失败: 'date'
2025-01-12 22:29:51,158 - ERROR - 处理 黄金ETF 数据时出错: 'date'
2025-01-12 22:29:51,158 - INFO - 
开始获取 城投债ETF (511800) 的数据...
2025-01-12 22:29:55,535 - INFO - 原始数据列名: ['date', 'open', 'high', 'low', 'close', 'volume', 'Dividends', 'Stock Splits']
2025-01-12 22:29:55,541 - INFO - 数据样例:
                        date        open        high        low       close  volume  Dividends  Stock Splits
0  2021-11-30 00:00:00+08:00   99.994003  100.001999  99.975998   99.984001  294513        0.0           0.0
1  2021-12-01 00:00:00+08:00   99.984001   99.995003  99.984001   99.992996  106969        0.0           0.0
2  2021-12-02 00:00:00+08:00   99.991997  100.014000  99.989998   99.997002  205639        0.0           0.0
3  2021-12-03 00:00:00+08:00   99.998001  100.013000  99.998001  100.002998  146816        0.0           0.0
4  2021-12-06 00:00:00+08:00  100.002998  100.009003  99.992996  100.002998  170303        0.0           0.0
2025-01-12 22:29:55,541 - INFO - 原始数据列名: ['date', 'open', 'high', 'low', 'close', 'volume', 'Dividends', 'Stock Splits']
2025-01-12 22:29:55,555 - INFO - 数据保存成功:
2025-01-12 22:29:55,555 - INFO - - 文件大小: 0.08 MB
2025-01-12 22:29:55,556 - INFO - - 数据条数: 736
2025-01-12 22:29:55,556 - INFO - - 时间跨度: 1137 天
2025-01-12 22:29:55,556 - INFO - - 价格范围: 99.9770 - 100.3320
2025-01-12 22:29:55,556 - INFO - 
所有ETF数据获取完成！
2025-01-12 22:29:55,556 - INFO - 程序执行完成！
2025-01-12 22:30:45,985 - INFO - 开始执行ETF等比后复权数据获取任务...
2025-01-12 22:30:46,001 - INFO - 
开始获取 中证红利ETF (515180) 的数据...
2025-01-12 22:30:46,370 - INFO - 原始数据列名: ['日期', '开盘', '收盘', '最高', '最低', '成交量', '成交额', '振幅', '涨跌幅', '涨跌额', '换手率']
2025-01-12 22:30:46,370 - INFO - 数据样例:
           日期     开盘     收盘     最高     最低      成交量          成交额    振幅   涨跌幅    涨跌额   换手率
0  2019-12-20  1.003  1.000  1.004  0.998  1167304  116928272.0  0.60 -0.50 -0.005  1.73
1  2019-12-23  1.001  0.990  1.003  0.988   600428   59868602.0  1.50 -1.00 -0.010  0.89
2  2019-12-24  0.993  0.996  0.997  0.988   201611   20002917.0  0.91  0.61  0.006  0.30
3  2019-12-25  0.996  0.994  0.996  0.991   219647   21814798.0  0.50 -0.20 -0.002  0.32
4  2019-12-26  0.995  1.001  1.003  0.994   788868   78915262.0  0.91  0.70  0.007  1.17
2025-01-12 22:30:46,515 - INFO - 数据保存成功:
2025-01-12 22:30:46,515 - INFO - - 文件大小: 0.09 MB
2025-01-12 22:30:46,515 - INFO - - 数据条数: 1227
2025-01-12 22:30:46,515 - INFO - - 时间跨度: 1848 天
2025-01-12 22:30:46,530 - INFO - - 价格范围: 0.9030 - 1.7020
2025-01-12 22:30:46,530 - INFO - 
开始获取 纳斯达克ETF (513100) 的数据...
2025-01-12 22:30:46,762 - INFO - 原始数据列名: ['日期', '开盘', '收盘', '最高', '最低', '成交量', '成交额', '振幅', '涨跌幅', '涨跌额', '换手率']
2025-01-12 22:30:46,777 - INFO - 数据样例:
           日期     开盘     收盘     最高     最低    成交量        成交额    振幅   涨跌幅    涨跌额   换手率
0  2018-01-02  2.219  2.218  2.219  2.206  32037  7093731.0  0.58 -0.49 -0.011  0.03
1  2018-01-03  2.243  2.248  2.251  2.240  35036  7863530.0  0.50  1.35  0.030  0.04
2  2018-01-04  2.260  2.256  2.264  2.248  31518  7107021.0  0.71  0.36  0.008  0.03
3  2018-01-05  2.256  2.250  2.257  2.248  31803  7162616.0  0.40 -0.27 -0.006  0.03
4  2018-01-08  2.263  2.268  2.269  2.259  42486  9610597.0  0.44  0.80  0.018  0.04
2025-01-12 22:30:46,965 - INFO - 数据保存成功:
2025-01-12 22:30:46,965 - INFO - - 文件大小: 0.12 MB
2025-01-12 22:30:46,965 - INFO - - 数据条数: 1705
2025-01-12 22:30:46,965 - INFO - - 时间跨度: 2565 天
2025-01-12 22:30:46,965 - INFO - - 价格范围: 2.0920 - 8.3700
2025-01-12 22:30:46,965 - INFO - 
开始获取 黄金ETF (518880) 的数据...
2025-01-12 22:30:47,194 - INFO - 原始数据列名: ['日期', '开盘', '收盘', '最高', '最低', '成交量', '成交额', '振幅', '涨跌幅', '涨跌额', '换手率']
2025-01-12 22:30:47,211 - INFO - 数据样例:
           日期     开盘     收盘     最高     最低      成交量           成交额    振幅   涨跌幅    涨跌额    换手率
0  2018-01-02  2.722  2.723  2.724  2.720  2680399  7.296085e+08  0.15  0.55  0.015   5.70
1  2018-01-03  2.740  2.733  2.744  2.731  3542792  9.694247e+08  0.48  0.37  0.010   7.53
2  2018-01-04  2.719  2.719  2.721  2.713  6329382  1.719136e+09  0.29 -0.51 -0.014  13.46
3  2018-01-05  2.730  2.728  2.733  2.727  5429541  1.482383e+09  0.22  0.33  0.009  11.54
4  2018-01-08  2.730  2.730  2.734  2.729  4714531  1.287659e+09  0.18  0.07  0.002  10.02
2025-01-12 22:30:47,397 - INFO - 数据保存成功:
2025-01-12 22:30:47,397 - INFO - - 文件大小: 0.13 MB
2025-01-12 22:30:47,397 - INFO - - 数据条数: 1706
2025-01-12 22:30:47,397 - INFO - - 时间跨度: 2565 天
2025-01-12 22:30:47,397 - INFO - - 价格范围: 2.5980 - 6.1400
2025-01-12 22:30:47,397 - INFO - 
开始获取 城投债ETF (511800) 的数据...
2025-01-12 22:30:50,035 - INFO - 原始数据列名: ['date', 'open', 'high', 'low', 'close', 'volume', 'Dividends', 'Stock Splits']
2025-01-12 22:30:50,051 - INFO - 数据样例:
                        date        open        high        low       close  volume  Dividends  Stock Splits
0  2021-11-30 00:00:00+08:00   99.994003  100.001999  99.975998   99.984001  294513        0.0           0.0
1  2021-12-01 00:00:00+08:00   99.984001   99.995003  99.984001   99.992996  106969        0.0           0.0
2  2021-12-02 00:00:00+08:00   99.991997  100.014000  99.989998   99.997002  205639        0.0           0.0
3  2021-12-03 00:00:00+08:00   99.998001  100.013000  99.998001  100.002998  146816        0.0           0.0
4  2021-12-06 00:00:00+08:00  100.002998  100.009003  99.992996  100.002998  170303        0.0           0.0
2025-01-12 22:30:50,051 - INFO - 原始数据列名: ['date', 'open', 'high', 'low', 'close', 'volume', 'Dividends', 'Stock Splits']
2025-01-12 22:30:50,071 - INFO - 数据保存成功:
2025-01-12 22:30:50,071 - INFO - - 文件大小: 0.08 MB
2025-01-12 22:30:50,071 - INFO - - 数据条数: 736
2025-01-12 22:30:50,072 - INFO - - 时间跨度: 1137 天
2025-01-12 22:30:50,072 - INFO - - 价格范围: 99.9770 - 100.3320
2025-01-12 22:30:50,072 - INFO - 
所有ETF数据获取完成！
2025-01-12 22:30:50,073 - INFO - 程序执行完成！
